{
  "RSpec": {
    "coverage": {
      "/Users/william/turing/2module/projects/laugh_tracks/config/environment.rb": [
        null,
        1,
        null,
        null,
        1
      ],
      "/Users/william/turing/2module/projects/laugh_tracks/config/application.rb": [
        1,
        null,
        1,
        null,
        1,
        1,
        1,
        1,
        1,
        1,
        1,
        1,
        null,
        null,
        null,
        null,
        1,
        null,
        1,
        1,
        null,
        1,
        null,
        null,
        null,
        null,
        null,
        null,
        1,
        null,
        null
      ],
      "/Users/william/turing/2module/projects/laugh_tracks/config/boot.rb": [
        1,
        null,
        1
      ],
      "/Users/william/turing/2module/projects/laugh_tracks/config/environments/test.rb": [
        1,
        null,
        null,
        null,
        null,
        null,
        null,
        1,
        null,
        null,
        null,
        null,
        1,
        null,
        null,
        1,
        1,
        null,
        null,
        null,
        null,
        1,
        1,
        null,
        null,
        1,
        null,
        null,
        1,
        1,
        null,
        null,
        null,
        null,
        1,
        null,
        null,
        1,
        null,
        null,
        null,
        null
      ],
      "/Users/william/turing/2module/projects/laugh_tracks/config/initializers/application_controller_renderer.rb": [
        null,
        null,
        null,
        null,
        null,
        null,
        null,
        null
      ],
      "/Users/william/turing/2module/projects/laugh_tracks/config/initializers/assets.rb": [
        null,
        null,
        null,
        1,
        null,
        null,
        null,
        null,
        1,
        null,
        null,
        null,
        null,
        null
      ],
      "/Users/william/turing/2module/projects/laugh_tracks/config/initializers/backtrace_silencers.rb": [
        null,
        null,
        null,
        null,
        null,
        null,
        null
      ],
      "/Users/william/turing/2module/projects/laugh_tracks/config/initializers/cookies_serializer.rb": [
        null,
        null,
        null,
        null,
        1
      ],
      "/Users/william/turing/2module/projects/laugh_tracks/config/initializers/filter_parameter_logging.rb": [
        null,
        null,
        null,
        1
      ],
      "/Users/william/turing/2module/projects/laugh_tracks/config/initializers/inflections.rb": [
        null,
        null,
        null,
        null,
        null,
        null,
        null,
        null,
        null,
        null,
        null,
        null,
        null,
        null,
        null,
        null
      ],
      "/Users/william/turing/2module/projects/laugh_tracks/config/initializers/mime_types.rb": [
        null,
        null,
        null,
        null
      ],
      "/Users/william/turing/2module/projects/laugh_tracks/config/initializers/wrap_parameters.rb": [
        null,
        null,
        null,
        null,
        null,
        null,
        1,
        2,
        null,
        null,
        null,
        null,
        null,
        null
      ],
      "/Users/william/turing/2module/projects/laugh_tracks/config/routes.rb": [
        1,
        null,
        1,
        null,
        1,
        null
      ],
      "/Users/william/turing/2module/projects/laugh_tracks/app/helpers/application_helper.rb": [
        1,
        null
      ],
      "/Users/william/turing/2module/projects/laugh_tracks/spec/models/comedian_spec.rb": [
        null,
        null,
        null,
        null,
        null
      ],
      "/Users/william/turing/2module/projects/laugh_tracks/spec/models/televisionspecial_spec.rb": [
        null,
        null,
        null,
        null,
        null
      ],
      "/Users/william/turing/2module/projects/laugh_tracks/app/models/comedian.rb": [
        1,
        null
      ],
      "/Users/william/turing/2module/projects/laugh_tracks/app/models/application_record.rb": [
        1,
        1,
        null
      ],
      "/Users/william/turing/2module/projects/laugh_tracks/app/controllers/comedians_controller.rb": [
        1,
        1,
        4,
        4,
        3,
        null,
        1,
        null,
        4,
        null,
        null
      ],
      "/Users/william/turing/2module/projects/laugh_tracks/app/controllers/application_controller.rb": [
        1,
        1,
        null
      ],
      "/Users/william/turing/2module/projects/laugh_tracks/app/models/televisionspecial.rb": [
        1,
        null
      ]
    },
    "timestamp": 1556681835
  }
}
